<?xml version="1.0" encoding="UTF-8"?>
<testsuite xmlns:xsi="http://www.w3.org/2001/XMLSchema-instance" xsi:noNamespaceSchemaLocation="https://maven.apache.org/surefire/maven-surefire-plugin/xsd/surefire-test-report.xsd" version="3.0.2" name="n7.facade.FacadeApplicationTests" time="3.273" tests="1" errors="0" skipped="0" failures="0" flakes="0">
  <properties>
[...]
</properties>
  <testcase name="contextLoads" classname="n7.facade.FacadeApplicationTests" time="0.234">
    <system-out><![CDATA[10:04:03.232 [main] INFO org.springframework.test.context.support.AnnotationConfigContextLoaderUtils -- Could not detect default configuration classes for test class [n7.facade.FacadeApplicationTests]: FacadeApplicationTests does not declare any static, non-private, non-final, nested classes annotated with @Configuration.
10:04:03.308 [main] INFO org.springframework.boot.test.context.SpringBootTestContextBootstrapper -- Found @SpringBootConfiguration n7.facade.FacadeApplication for test class n7.facade.FacadeApplicationTests
10:04:03.377 [main] INFO org.springframework.test.context.support.AnnotationConfigContextLoaderUtils -- Could not detect default configuration classes for test class [n7.facade.FacadeApplicationTests]: FacadeApplicationTests does not declare any static, non-private, non-final, nested classes annotated with @Configuration.
10:04:03.378 [main] INFO org.springframework.boot.test.context.SpringBootTestContextBootstrapper -- Found @SpringBootConfiguration n7.facade.FacadeApplication for test class n7.facade.FacadeApplicationTests

  .   ____          _            __ _ _
 /\\ / ___'_ __ _ _(_)_ __  __ _ \ \ \ \
( ( )\___ | '_ | '_| | '_ \/ _` | \ \ \ \
 \\/  ___)| |_)| | | | | || (_| |  ) ) ) )
  '  |____| .__|_| |_|_| |_\__, | / / / /
 =========|_|==============|___/=/_/_/_/

 :: Spring Boot ::                (v4.0.5)

2026-04-06T10:04:03.597+02:00  INFO 21476 --- [back] [           main] n7.facade.FacadeApplicationTests         : Starting FacadeApplicationTests using Java 25.0.1 with PID 21476 (started by cocos in C:\Users\cocos\Desktop\projet_web_app\Projet-Application-Web\back\facade)
2026-04-06T10:04:03.598+02:00  INFO 21476 --- [back] [           main] n7.facade.FacadeApplicationTests         : No active profile set, falling back to 1 default profile: "default"
2026-04-06T10:04:04.027+02:00  INFO 21476 --- [back] [           main] .s.d.r.c.RepositoryConfigurationDelegate : Bootstrapping Spring Data JPA repositories in DEFAULT mode.
2026-04-06T10:04:04.066+02:00  INFO 21476 --- [back] [           main] .s.d.r.c.RepositoryConfigurationDelegate : Finished Spring Data repository scanning in 32 ms. Found 1 JPA repository interface.
2026-04-06T10:04:04.310+02:00  INFO 21476 --- [back] [           main] org.hibernate.orm.jpa                    : HHH008540: Processing PersistenceUnitInfo [name: default]
2026-04-06T10:04:04.353+02:00  INFO 21476 --- [back] [           main] org.hibernate.orm.core                   : HHH000001: Hibernate ORM core version 7.2.7.Final
2026-04-06T10:04:04.772+02:00  INFO 21476 --- [back] [           main] o.s.o.j.p.SpringPersistenceUnitInfo      : No LoadTimeWeaver setup: ignoring JPA class transformer
2026-04-06T10:04:04.795+02:00  INFO 21476 --- [back] [           main] com.zaxxer.hikari.HikariDataSource       : HikariPool-1 - Starting...
2026-04-06T10:04:04.957+02:00  INFO 21476 --- [back] [           main] com.zaxxer.hikari.pool.PoolBase          : HikariPool-1 - Driver does not support get/set network timeout for connections. (feature not supported)
2026-04-06T10:04:04.958+02:00  INFO 21476 --- [back] [           main] com.zaxxer.hikari.pool.HikariPool        : HikariPool-1 - Added connection org.hsqldb.jdbc.JDBCConnection@3c98981e
2026-04-06T10:04:04.958+02:00  INFO 21476 --- [back] [           main] com.zaxxer.hikari.HikariDataSource       : HikariPool-1 - Start completed.
2026-04-06T10:04:05.000+02:00  INFO 21476 --- [back] [           main] org.hibernate.orm.connections.pooling    : HHH10001005: Database info:
	Database JDBC URL [jdbc:hsqldb:file:C:\Users\cocos/facade-db/back;shutdown=true]
	Database driver: HSQL Database Engine Driver
	Database dialect: HSQLDialect
	Database version: 2.7.3
	Default catalog/schema: PUBLIC/PUBLIC
	Autocommit mode: undefined/unknown
	Isolation level: READ_COMMITTED [default READ_COMMITTED]
	JDBC fetch size: none
	Pool: DataSourceConnectionProvider
	Minimum pool size: undefined/unknown
	Maximum pool size: undefined/unknown
2026-04-06T10:04:05.531+02:00  INFO 21476 --- [back] [           main] org.hibernate.orm.core                   : HHH000489: No JTA platform available (set 'hibernate.transaction.jta.platform' to enable JTA platform integration)
2026-04-06T10:04:05.585+02:00  INFO 21476 --- [back] [           main] j.LocalContainerEntityManagerFactoryBean : Initialized JPA EntityManagerFactory for persistence unit 'default'
2026-04-06T10:04:05.655+02:00  INFO 21476 --- [back] [           main] o.s.d.j.r.query.QueryEnhancerFactories   : Hibernate is in classpath; If applicable, HQL parser will be used.
2026-04-06T10:04:06.123+02:00  INFO 21476 --- [back] [           main] n7.facade.FacadeApplicationTests         : Started FacadeApplicationTests in 2.698 seconds (process running for 3.461)
]]></system-out>
    <system-err><![CDATA[Mockito is currently self-attaching to enable the inline-mock-maker. This will no longer work in future releases of the JDK. Please add Mockito as an agent to your build as described in Mockito's documentation: https://javadoc.io/doc/org.mockito/mockito-core/latest/org.mockito/org/mockito/Mockito.html#0.3
WARNING: A Java agent has been loaded dynamically (C:\Users\cocos\.m2\repository\net\bytebuddy\byte-buddy-agent\1.17.8\byte-buddy-agent-1.17.8.jar)
WARNING: If a serviceability tool is in use, please run with -XX:+EnableDynamicAgentLoading to hide this warning
WARNING: If a serviceability tool is not in use, please run with -Djdk.instrument.traceUsage for more information
WARNING: Dynamic loading of agents will be disallowed by default in a future release
]]></system-err>
  </testcase>
</testsuite>